<?xml version="1.0" encoding="UTF-8" ?>
<testsuite tests="10" failures="0" name="de.tuberlin.dima.dbpra.exercises.transactions.PartialTransactionsTest" time="134.395" errors="0" skipped="0">
  <properties>
[...]
</properties>
  <testcase classname="de.tuberlin.dima.dbpra.exercises.transactions.PartialTransactionsTest" name="bestellungEinfuegenTest3" time="12.062"/>
  <testcase classname="de.tuberlin.dima.dbpra.exercises.transactions.PartialTransactionsTest" name="bestellungEinfuegenTest1" time="13.734"/>
  <testcase classname="de.tuberlin.dima.dbpra.exercises.transactions.PartialTransactionsTest" name="bestellungEinfuegenTest2" time="16.066"/>
  <testcase classname="de.tuberlin.dima.dbpra.exercises.transactions.PartialTransactionsTest" name="lieferantTest1" time="13.545"/>
  <testcase classname="de.tuberlin.dima.dbpra.exercises.transactions.PartialTransactionsTest" name="lieferantTest3" time="13.39"/>
  <testcase classname="de.tuberlin.dima.dbpra.exercises.transactions.PartialTransactionsTest" name="lieferantTest4" time="16.165"/>
  <testcase classname="de.tuberlin.dima.dbpra.exercises.transactions.PartialTransactionsTest" name="lieferantTest2" time="13.108"/>
  <testcase classname="de.tuberlin.dima.dbpra.exercises.transactions.PartialTransactionsTest" name="lieferantTest5" time="12.359"/>
  <testcase classname="de.tuberlin.dima.dbpra.exercises.transactions.PartialTransactionsTest" name="lieferantTest6" time="11.952"/>
  <testcase classname="de.tuberlin.dima.dbpra.exercises.transactions.PartialTransactionsTest" name="lieferantTest7" time="12.014"/>
</testsuite>